This file contains any messages produced by compilers while
running configure, to aid debugging if configure makes a mistake.

It was created by libcoap configure 4.1.2, which was
generated by GNU Autoconf 2.71.  Invocation command line was

  $ ./configure --build=i386-linux-gnu --target=mipsel-linux --host=mipsel-linux --disable-documentation --disable-shared --without-debug CC=/home/francisco/freetz-ng/toolchain/target/bin-ccache/mipsel-linux-gcc 'CFLAGS=-Os -pipe -march=4kc -Wa,--trap -D COAP_DEBUG_FD=stderr'

## --------- ##
## Platform. ##
## --------- ##

hostname = p200300f9f702f222ba8d12fffe07104c
uname -m = x86_64
uname -r = 6.1.0-30-amd64
uname -s = Linux
uname -v = #1 SMP PREEMPT_DYNAMIC Debian 6.1.124-1 (2025-01-12)

/usr/bin/uname -p = unknown
/bin/uname -X     = unknown

/bin/arch              = x86_64
/usr/bin/arch -k       = unknown
/usr/convex/getsysinfo = unknown
/usr/bin/hostinfo      = unknown
/bin/machine           = unknown
/usr/bin/oslevel       = unknown
/bin/universe          = unknown

PATH: /usr/local/sbin/
PATH: /usr/local/bin/
PATH: /usr/sbin/
PATH: /usr/bin/
PATH: /sbin/
PATH: /bin/


## ----------- ##
## Core tests. ##
## ----------- ##

configure:2513: looking for aux files: config.guess config.sub ltmain.sh ar-lib compile missing install-sh
configure:2526:  trying ./
configure:2555:   ./config.guess found
configure:2555:   ./config.sub found
configure:2555:   ./ltmain.sh found
configure:2555:   ./ar-lib found
configure:2555:   ./compile found
configure:2555:   ./missing found
configure:2537:   ./install-sh found
configure:2685: checking for a BSD-compatible install
configure:2758: result: /usr/bin/install -c
configure:2769: checking whether build environment is sane
configure:2824: result: yes
configure:2880: checking for mipsel-linux-strip
configure:2915: result: no
configure:2925: checking for strip
configure:2946: found /usr/bin/strip
configure:2957: result: strip
configure:2969: WARNING: using cross tools not prefixed with host triplet
configure:2983: checking for a race-free mkdir -p
configure:3027: result: /usr/bin/mkdir -p
configure:3034: checking for gawk
configure:3055: found /usr/bin/gawk
configure:3066: result: gawk
configure:3077: checking whether make sets $(MAKE)
configure:3100: result: yes
configure:3130: checking whether make supports nested variables
configure:3148: result: yes
configure:3303: checking for mipsel-linux-gcc
configure:3335: result: /home/francisco/freetz-ng/toolchain/target/bin-ccache/mipsel-linux-gcc
configure:3733: checking for C compiler version
configure:3742: /home/francisco/freetz-ng/toolchain/target/bin-ccache/mipsel-linux-gcc --version >&5
mipsel-linux-gcc (GCC) 4.6.4
Copyright (C) 2011 Free Software Foundation, Inc.
This is free software; see the source for copying conditions.  There is NO
warranty; not even for MERCHANTABILITY or FITNESS FOR A PARTICULAR PURPOSE.

configure:3753: $? = 0
configure:3742: /home/francisco/freetz-ng/toolchain/target/bin-ccache/mipsel-linux-gcc -v >&5
Using built-in specs.
COLLECT_GCC=/home/francisco/freetz-ng/toolchain/target/bin-ccache/mipsel-linux-gcc
COLLECT_LTO_WRAPPER=/home/francisco/freetz-ng/toolchain/build/mipsel_gcc-4.6.4_uClibc-0.9.29/mipsel-linux-uclibc/bin-ccache/../libexec/gcc/mipsel-linux-uclibc/4.6.4/lto-wrapper
Target: mipsel-linux-uclibc
Configured with: /home/francisco/freetz-ng/source/toolchain-mipsel_gcc-4.6.4_uClibc-0.9.29/gcc-4.6.4/configure --prefix=/home/francisco/freetz-ng/toolchain/build/mipsel_gcc-4.6.4_uClibc-0.9.29/mipsel-linux-uclibc --with-sysroot=/home/francisco/freetz-ng/toolchain/build/mipsel_gcc-4.6.4_uClibc-0.9.29/mipsel-linux-uclibc/usr/ --build=x86_64-pc-linux-gnu --host=x86_64-pc-linux-gnu --target=mipsel-linux-uclibc --enable-languages=c,c++ --enable-shared --enable-threads --with-gmp=/home/francisco/freetz-ng/tools/build --with-mpfr=/home/francisco/freetz-ng/tools/build --with-mpc=/home/francisco/freetz-ng/tools/build --enable-option-checking --with-gnu-as --with-gnu-ld --disable-__cxa_atexit --disable-libgomp --disable-libmudflap --disable-libsanitizer --disable-libssp --disable-multilib --disable-tls --disable-fixed-point --with-arch=mips32 --with-abi=32 --with-float=soft --disable-nls --with-mips-plt --disable-decimal-float
Thread model: posix
gcc version 4.6.4 (GCC) 
configure:3753: $? = 0
configure:3742: /home/francisco/freetz-ng/toolchain/target/bin-ccache/mipsel-linux-gcc -V >&5
mipsel-linux-gcc: error: unrecognized option '-V'
mipsel-linux-gcc: fatal error: no input files
compilation terminated.
configure:3753: $? = 1
configure:3742: /home/francisco/freetz-ng/toolchain/target/bin-ccache/mipsel-linux-gcc -qversion >&5
mipsel-linux-gcc: error: unrecognized option '-qversion'
mipsel-linux-gcc: fatal error: no input files
compilation terminated.
configure:3753: $? = 1
configure:3742: /home/francisco/freetz-ng/toolchain/target/bin-ccache/mipsel-linux-gcc -version >&5
mipsel-linux-gcc: error: unrecognized command line option '-version'
mipsel-linux-gcc: fatal error: no input files
compilation terminated.
configure:3753: $? = 1
configure:3773: checking whether the C compiler works
configure:3795: /home/francisco/freetz-ng/toolchain/target/bin-ccache/mipsel-linux-gcc -Os -pipe -march=4kc -Wa,--trap -D COAP_DEBUG_FD=stderr   conftest.c  >&5
configure:3799: $? = 0
configure:3849: result: yes
configure:3852: checking for C compiler default output file name
configure:3854: result: a.out
configure:3860: checking for suffix of executables
configure:3867: /home/francisco/freetz-ng/toolchain/target/bin-ccache/mipsel-linux-gcc -o conftest -Os -pipe -march=4kc -Wa,--trap -D COAP_DEBUG_FD=stderr   conftest.c  >&5
configure:3871: $? = 0
configure:3894: result: 
configure:3916: checking whether we are cross compiling
configure:3954: result: yes
configure:3959: checking for suffix of object files
configure:3982: /home/francisco/freetz-ng/toolchain/target/bin-ccache/mipsel-linux-gcc -c -Os -pipe -march=4kc -Wa,--trap -D COAP_DEBUG_FD=stderr  conftest.c >&5
configure:3986: $? = 0
configure:4008: result: o
configure:4012: checking whether the compiler supports GNU C
configure:4032: /home/francisco/freetz-ng/toolchain/target/bin-ccache/mipsel-linux-gcc -c -Os -pipe -march=4kc -Wa,--trap -D COAP_DEBUG_FD=stderr  conftest.c >&5
configure:4032: $? = 0
configure:4042: result: yes
configure:4053: checking whether /home/francisco/freetz-ng/toolchain/target/bin-ccache/mipsel-linux-gcc accepts -g
configure:4074: /home/francisco/freetz-ng/toolchain/target/bin-ccache/mipsel-linux-gcc -c -g  conftest.c >&5
configure:4074: $? = 0
configure:4118: result: yes
configure:4138: checking for /home/francisco/freetz-ng/toolchain/target/bin-ccache/mipsel-linux-gcc option to enable C11 features
configure:4153: /home/francisco/freetz-ng/toolchain/target/bin-ccache/mipsel-linux-gcc  -c -Os -pipe -march=4kc -Wa,--trap -D COAP_DEBUG_FD=stderr  conftest.c >&5
conftest.c:61:3: error: #error "Compiler does not advertise C99 conformance"
conftest.c:116:29: error: expected ';', ',' or ')' before 'text'
conftest.c:165:3: error: #error "Compiler does not advertise C11 conformance"
conftest.c: In function '_Alignas':
conftest.c:169:24: error: expected declaration specifiers before 'aligned_as_double'
conftest.c:170:16: error: expected declaration specifiers or '...' before numeric constant
conftest.c:171:13: error: storage class specified for parameter 'aligned_as_int'
conftest.c:172:16: error: expected declaration specifiers or '...' before numeric constant
conftest.c:177:29: error: expected expression before 'int'
conftest.c:178:35: error: expected expression before 'int'
conftest.c:179:30: error: expected expression before 'char'
conftest.c:175:1: warning: empty declaration [enabled by default]
conftest.c:181:1: error: expected declaration specifiers before '_Static_assert'
conftest.c:184:15: error: expected '=', ',', ';', 'asm' or '__attribute__' before 'does_not_return'
conftest.c:187:1: warning: empty declaration [enabled by default]
conftest.c:197:1: error: parameter 'utf8_literal' is initialized
conftest.c:197:29: error: 'syntax' undeclared (first use in this function)
conftest.c:197:29: note: each undeclared identifier is reported only once for each function it appears in
conftest.c:197:29: error: expected ',' or ';' before 'error'
conftest.c:200:15: error: storage class specified for parameter 'long_ptr'
conftest.c:201:19: error: storage class specified for parameter 'long_ptr'
conftest.c:201:19: error: redefinition of parameter 'long_ptr'
conftest.c:200:15: note: previous definition of 'long_ptr' was here
conftest.c:202:18: error: expected '=', ',', ';', 'asm' or '__attribute__' before 'long_ptr'
conftest.c:217:1: error: expected '=', ',', ';', 'asm' or '__attribute__' before '{' token
conftest.c:169:6: error: old-style parameter declarations in prototyped function definition
conftest.c:169:1: error: parameter name omitted
conftest.c:269:1: error: expected '{' at end of input
configure:4153: $? = 1
configure: failed program was:
| /* confdefs.h */
| #define PACKAGE_NAME "libcoap"
| #define PACKAGE_TARNAME "libcoap"
| #define PACKAGE_VERSION "4.1.2"
| #define PACKAGE_STRING "libcoap 4.1.2"
| #define PACKAGE_BUGREPORT "libcoap-developers@lists.sourceforge.net"
| #define PACKAGE_URL "https://libcoap.net/"
| /* end confdefs.h.  */
| 
| /* Does the compiler advertise C89 conformance?
|    Do not test the value of __STDC__, because some compilers set it to 0
|    while being otherwise adequately conformant. */
| #if !defined __STDC__
| # error "Compiler does not advertise C89 conformance"
| #endif
| 
| #include <stddef.h>
| #include <stdarg.h>
| struct stat;
| /* Most of the following tests are stolen from RCS 5.7 src/conf.sh.  */
| struct buf { int x; };
| struct buf * (*rcsopen) (struct buf *, struct stat *, int);
| static char *e (p, i)
|      char **p;
|      int i;
| {
|   return p[i];
| }
| static char *f (char * (*g) (char **, int), char **p, ...)
| {
|   char *s;
|   va_list v;
|   va_start (v,p);
|   s = g (p, va_arg (v,int));
|   va_end (v);
|   return s;
| }
| 
| /* OSF 4.0 Compaq cc is some sort of almost-ANSI by default.  It has
|    function prototypes and stuff, but not \xHH hex character constants.
|    These do not provoke an error unfortunately, instead are silently treated
|    as an "x".  The following induces an error, until -std is added to get
|    proper ANSI mode.  Curiously \x00 != x always comes out true, for an
|    array size at least.  It is necessary to write \x00 == 0 to get something
|    that is true only with -std.  */
| int osf4_cc_array ['\x00' == 0 ? 1 : -1];
| 
| /* IBM C 6 for AIX is almost-ANSI by default, but it replaces macro parameters
|    inside strings and character constants.  */
| #define FOO(x) 'x'
| int xlc6_cc_array[FOO(a) == 'x' ? 1 : -1];
| 
| int test (int i, double x);
| struct s1 {int (*f) (int a);};
| struct s2 {int (*f) (double a);};
| int pairnames (int, char **, int *(*)(struct buf *, struct stat *, int),
|                int, int);
| 
| // Does the compiler advertise C99 conformance?
| #if !defined __STDC_VERSION__ || __STDC_VERSION__ < 199901L
| # error "Compiler does not advertise C99 conformance"
| #endif
| 
| #include <stdbool.h>
| extern int puts (const char *);
| extern int printf (const char *, ...);
| extern int dprintf (int, const char *, ...);
| extern void *malloc (size_t);
| 
| // Check varargs macros.  These examples are taken from C99 6.10.3.5.
| // dprintf is used instead of fprintf to avoid needing to declare
| // FILE and stderr.
| #define debug(...) dprintf (2, __VA_ARGS__)
| #define showlist(...) puts (#__VA_ARGS__)
| #define report(test,...) ((test) ? puts (#test) : printf (__VA_ARGS__))
| static void
| test_varargs_macros (void)
| {
|   int x = 1234;
|   int y = 5678;
|   debug ("Flag");
|   debug ("X = %d\n", x);
|   showlist (The first, second, and third items.);
|   report (x>y, "x is %d but y is %d", x, y);
| }
| 
| // Check long long types.
| #define BIG64 18446744073709551615ull
| #define BIG32 4294967295ul
| #define BIG_OK (BIG64 / BIG32 == 4294967297ull && BIG64 % BIG32 == 0)
| #if !BIG_OK
|   #error "your preprocessor is broken"
| #endif
| #if BIG_OK
| #else
|   #error "your preprocessor is broken"
| #endif
| static long long int bignum = -9223372036854775807LL;
| static unsigned long long int ubignum = BIG64;
| 
| struct incomplete_array
| {
|   int datasize;
|   double data[];
| };
| 
| struct named_init {
|   int number;
|   const wchar_t *name;
|   double average;
| };
| 
| typedef const char *ccp;
| 
| static inline int
| test_restrict (ccp restrict text)
| {
|   // See if C++-style comments work.
|   // Iterate through items via the restricted pointer.
|   // Also check for declarations in for loops.
|   for (unsigned int i = 0; *(text+i) != '\0'; ++i)
|     continue;
|   return 0;
| }
| 
| // Check varargs and va_copy.
| static bool
| test_varargs (const char *format, ...)
| {
|   va_list args;
|   va_start (args, format);
|   va_list args_copy;
|   va_copy (args_copy, args);
| 
|   const char *str = "";
|   int number = 0;
|   float fnumber = 0;
| 
|   while (*format)
|     {
|       switch (*format++)
| 	{
| 	case 's': // string
| 	  str = va_arg (args_copy, const char *);
| 	  break;
| 	case 'd': // int
| 	  number = va_arg (args_copy, int);
| 	  break;
| 	case 'f': // float
| 	  fnumber = va_arg (args_copy, double);
| 	  break;
| 	default:
| 	  break;
| 	}
|     }
|   va_end (args_copy);
|   va_end (args);
| 
|   return *str && number && fnumber;
| }
| 
| 
| // Does the compiler advertise C11 conformance?
| #if !defined __STDC_VERSION__ || __STDC_VERSION__ < 201112L
| # error "Compiler does not advertise C11 conformance"
| #endif
| 
| // Check _Alignas.
| char _Alignas (double) aligned_as_double;
| char _Alignas (0) no_special_alignment;
| extern char aligned_as_int;
| char _Alignas (0) _Alignas (int) aligned_as_int;
| 
| // Check _Alignof.
| enum
| {
|   int_alignment = _Alignof (int),
|   int_array_alignment = _Alignof (int[100]),
|   char_alignment = _Alignof (char)
| };
| _Static_assert (0 < -_Alignof (int), "_Alignof is signed");
| 
| // Check _Noreturn.
| int _Noreturn does_not_return (void) { for (;;) continue; }
| 
| // Check _Static_assert.
| struct test_static_assert
| {
|   int x;
|   _Static_assert (sizeof (int) <= sizeof (long int),
|                   "_Static_assert does not work in struct");
|   long int y;
| };
| 
| // Check UTF-8 literals.
| #define u8 syntax error!
| char const utf8_literal[] = u8"happens to be ASCII" "another string";
| 
| // Check duplicate typedefs.
| typedef long *long_ptr;
| typedef long int *long_ptr;
| typedef long_ptr long_ptr;
| 
| // Anonymous structures and unions -- taken from C11 6.7.2.1 Example 1.
| struct anonymous
| {
|   union {
|     struct { int i; int j; };
|     struct { int k; long int l; } w;
|   };
|   int m;
| } v1;
| 
| 
| int
| main (int argc, char **argv)
| {
|   int ok = 0;
|   
| ok |= (argc == 0 || f (e, argv, 0) != argv[0] || f (e, argv, 1) != argv[1]);
| 
|   
|   // Check bool.
|   _Bool success = false;
|   success |= (argc != 0);
| 
|   // Check restrict.
|   if (test_restrict ("String literal") == 0)
|     success = true;
|   char *restrict newvar = "Another string";
| 
|   // Check varargs.
|   success &= test_varargs ("s, d' f .", "string", 65, 34.234);
|   test_varargs_macros ();
| 
|   // Check flexible array members.
|   struct incomplete_array *ia =
|     malloc (sizeof (struct incomplete_array) + (sizeof (double) * 10));
|   ia->datasize = 10;
|   for (int i = 0; i < ia->datasize; ++i)
|     ia->data[i] = i * 1.234;
| 
|   // Check named initializers.
|   struct named_init ni = {
|     .number = 34,
|     .name = L"Test wide string",
|     .average = 543.34343,
|   };
| 
|   ni.number = 58;
| 
|   int dynamic_array[ni.number];
|   dynamic_array[0] = argv[0][0];
|   dynamic_array[ni.number - 1] = 543;
| 
|   // work around unused variable warnings
|   ok |= (!success || bignum == 0LL || ubignum == 0uLL || newvar[0] == 'x'
| 	 || dynamic_array[ni.number - 1] != 543);
| 
|   
|   _Static_assert ((offsetof (struct anonymous, i)
| 		   == offsetof (struct anonymous, w.k)),
| 		  "Anonymous union alignment botch");
|   v1.i = 2;
|   v1.w.k = 5;
|   ok |= v1.i != 5;
| 
|   return ok;
| }
| 
configure:4153: /home/francisco/freetz-ng/toolchain/target/bin-ccache/mipsel-linux-gcc -std=gnu11 -c -Os -pipe -march=4kc -Wa,--trap -D COAP_DEBUG_FD=stderr  conftest.c >&5
cc1: error: unrecognized command line option '-std=gnu11'
configure:4153: $? = 1
configure: failed program was:
| /* confdefs.h */
| #define PACKAGE_NAME "libcoap"
| #define PACKAGE_TARNAME "libcoap"
| #define PACKAGE_VERSION "4.1.2"
| #define PACKAGE_STRING "libcoap 4.1.2"
| #define PACKAGE_BUGREPORT "libcoap-developers@lists.sourceforge.net"
| #define PACKAGE_URL "https://libcoap.net/"
| /* end confdefs.h.  */
| 
| /* Does the compiler advertise C89 conformance?
|    Do not test the value of __STDC__, because some compilers set it to 0
|    while being otherwise adequately conformant. */
| #if !defined __STDC__
| # error "Compiler does not advertise C89 conformance"
| #endif
| 
| #include <stddef.h>
| #include <stdarg.h>
| struct stat;
| /* Most of the following tests are stolen from RCS 5.7 src/conf.sh.  */
| struct buf { int x; };
| struct buf * (*rcsopen) (struct buf *, struct stat *, int);
| static char *e (p, i)
|      char **p;
|      int i;
| {
|   return p[i];
| }
| static char *f (char * (*g) (char **, int), char **p, ...)
| {
|   char *s;
|   va_list v;
|   va_start (v,p);
|   s = g (p, va_arg (v,int));
|   va_end (v);
|   return s;
| }
| 
| /* OSF 4.0 Compaq cc is some sort of almost-ANSI by default.  It has
|    function prototypes and stuff, but not \xHH hex character constants.
|    These do not provoke an error unfortunately, instead are silently treated
|    as an "x".  The following induces an error, until -std is added to get
|    proper ANSI mode.  Curiously \x00 != x always comes out true, for an
|    array size at least.  It is necessary to write \x00 == 0 to get something
|    that is true only with -std.  */
| int osf4_cc_array ['\x00' == 0 ? 1 : -1];
| 
| /* IBM C 6 for AIX is almost-ANSI by default, but it replaces macro parameters
|    inside strings and character constants.  */
| #define FOO(x) 'x'
| int xlc6_cc_array[FOO(a) == 'x' ? 1 : -1];
| 
| int test (int i, double x);
| struct s1 {int (*f) (int a);};
| struct s2 {int (*f) (double a);};
| int pairnames (int, char **, int *(*)(struct buf *, struct stat *, int),
|                int, int);
| 
| // Does the compiler advertise C99 conformance?
| #if !defined __STDC_VERSION__ || __STDC_VERSION__ < 199901L
| # error "Compiler does not advertise C99 conformance"
| #endif
| 
| #include <stdbool.h>
| extern int puts (const char *);
| extern int printf (const char *, ...);
| extern int dprintf (int, const char *, ...);
| extern void *malloc (size_t);
| 
| // Check varargs macros.  These examples are taken from C99 6.10.3.5.
| // dprintf is used instead of fprintf to avoid needing to declare
| // FILE and stderr.
| #define debug(...) dprintf (2, __VA_ARGS__)
| #define showlist(...) puts (#__VA_ARGS__)
| #define report(test,...) ((test) ? puts (#test) : printf (__VA_ARGS__))
| static void
| test_varargs_macros (void)
| {
|   int x = 1234;
|   int y = 5678;
|   debug ("Flag");
|   debug ("X = %d\n", x);
|   showlist (The first, second, and third items.);
|   report (x>y, "x is %d but y is %d", x, y);
| }
| 
| // Check long long types.
| #define BIG64 18446744073709551615ull
| #define BIG32 4294967295ul
| #define BIG_OK (BIG64 / BIG32 == 4294967297ull && BIG64 % BIG32 == 0)
| #if !BIG_OK
|   #error "your preprocessor is broken"
| #endif
| #if BIG_OK
| #else
|   #error "your preprocessor is broken"
| #endif
| static long long int bignum = -9223372036854775807LL;
| static unsigned long long int ubignum = BIG64;
| 
| struct incomplete_array
| {
|   int datasize;
|   double data[];
| };
| 
| struct named_init {
|   int number;
|   const wchar_t *name;
|   double average;
| };
| 
| typedef const char *ccp;
| 
| static inline int
| test_restrict (ccp restrict text)
| {
|   // See if C++-style comments work.
|   // Iterate through items via the restricted pointer.
|   // Also check for declarations in for loops.
|   for (unsigned int i = 0; *(text+i) != '\0'; ++i)
|     continue;
|   return 0;
| }
| 
| // Check varargs and va_copy.
| static bool
| test_varargs (const char *format, ...)
| {
|   va_list args;
|   va_start (args, format);
|   va_list args_copy;
|   va_copy (args_copy, args);
| 
|   const char *str = "";
|   int number = 0;
|   float fnumber = 0;
| 
|   while (*format)
|     {
|       switch (*format++)
| 	{
| 	case 's': // string
| 	  str = va_arg (args_copy, const char *);
| 	  break;
| 	case 'd': // int
| 	  number = va_arg (args_copy, int);
| 	  break;
| 	case 'f': // float
| 	  fnumber = va_arg (args_copy, double);
| 	  break;
| 	default:
| 	  break;
| 	}
|     }
|   va_end (args_copy);
|   va_end (args);
| 
|   return *str && number && fnumber;
| }
| 
| 
| // Does the compiler advertise C11 conformance?
| #if !defined __STDC_VERSION__ || __STDC_VERSION__ < 201112L
| # error "Compiler does not advertise C11 conformance"
| #endif
| 
| // Check _Alignas.
| char _Alignas (double) aligned_as_double;
| char _Alignas (0) no_special_alignment;
| extern char aligned_as_int;
| char _Alignas (0) _Alignas (int) aligned_as_int;
| 
| // Check _Alignof.
| enum
| {
|   int_alignment = _Alignof (int),
|   int_array_alignment = _Alignof (int[100]),
|   char_alignment = _Alignof (char)
| };
| _Static_assert (0 < -_Alignof (int), "_Alignof is signed");
| 
| // Check _Noreturn.
| int _Noreturn does_not_return (void) { for (;;) continue; }
| 
| // Check _Static_assert.
| struct test_static_assert
| {
|   int x;
|   _Static_assert (sizeof (int) <= sizeof (long int),
|                   "_Static_assert does not work in struct");
|   long int y;
| };
| 
| // Check UTF-8 literals.
| #define u8 syntax error!
| char const utf8_literal[] = u8"happens to be ASCII" "another string";
| 
| // Check duplicate typedefs.
| typedef long *long_ptr;
| typedef long int *long_ptr;
| typedef long_ptr long_ptr;
| 
| // Anonymous structures and unions -- taken from C11 6.7.2.1 Example 1.
| struct anonymous
| {
|   union {
|     struct { int i; int j; };
|     struct { int k; long int l; } w;
|   };
|   int m;
| } v1;
| 
| 
| int
| main (int argc, char **argv)
| {
|   int ok = 0;
|   
| ok |= (argc == 0 || f (e, argv, 0) != argv[0] || f (e, argv, 1) != argv[1]);
| 
|   
|   // Check bool.
|   _Bool success = false;
|   success |= (argc != 0);
| 
|   // Check restrict.
|   if (test_restrict ("String literal") == 0)
|     success = true;
|   char *restrict newvar = "Another string";
| 
|   // Check varargs.
|   success &= test_varargs ("s, d' f .", "string", 65, 34.234);
|   test_varargs_macros ();
| 
|   // Check flexible array members.
|   struct incomplete_array *ia =
|     malloc (sizeof (struct incomplete_array) + (sizeof (double) * 10));
|   ia->datasize = 10;
|   for (int i = 0; i < ia->datasize; ++i)
|     ia->data[i] = i * 1.234;
| 
|   // Check named initializers.
|   struct named_init ni = {
|     .number = 34,
|     .name = L"Test wide string",
|     .average = 543.34343,
|   };
| 
|   ni.number = 58;
| 
|   int dynamic_array[ni.number];
|   dynamic_array[0] = argv[0][0];
|   dynamic_array[ni.number - 1] = 543;
| 
|   // work around unused variable warnings
|   ok |= (!success || bignum == 0LL || ubignum == 0uLL || newvar[0] == 'x'
| 	 || dynamic_array[ni.number - 1] != 543);
| 
|   
|   _Static_assert ((offsetof (struct anonymous, i)
| 		   == offsetof (struct anonymous, w.k)),
| 		  "Anonymous union alignment botch");
|   v1.i = 2;
|   v1.w.k = 5;
|   ok |= v1.i != 5;
| 
|   return ok;
| }
| 
configure:4166: result: unsupported
configure:4184: checking for /home/francisco/freetz-ng/toolchain/target/bin-ccache/mipsel-linux-gcc option to enable C99 features
configure:4199: /home/francisco/freetz-ng/toolchain/target/bin-ccache/mipsel-linux-gcc  -c -Os -pipe -march=4kc -Wa,--trap -D COAP_DEBUG_FD=stderr  conftest.c >&5
conftest.c:61:3: error: #error "Compiler does not advertise C99 conformance"
conftest.c:116:29: error: expected ';', ',' or ')' before 'text'
conftest.c: In function 'main':
conftest.c:178:18: error: expected '=', ',', ';', 'asm' or '__attribute__' before 'newvar'
conftest.c:178:18: error: 'newvar' undeclared (first use in this function)
conftest.c:178:18: note: each undeclared identifier is reported only once for each function it appears in
conftest.c:188:3: error: 'for' loop initial declarations are only allowed in C99 mode
conftest.c:188:3: note: use option -std=c99 or -std=gnu99 to compile your code
configure:4199: $? = 1
configure: failed program was:
| /* confdefs.h */
| #define PACKAGE_NAME "libcoap"
| #define PACKAGE_TARNAME "libcoap"
| #define PACKAGE_VERSION "4.1.2"
| #define PACKAGE_STRING "libcoap 4.1.2"
| #define PACKAGE_BUGREPORT "libcoap-developers@lists.sourceforge.net"
| #define PACKAGE_URL "https://libcoap.net/"
| /* end confdefs.h.  */
| 
| /* Does the compiler advertise C89 conformance?
|    Do not test the value of __STDC__, because some compilers set it to 0
|    while being otherwise adequately conformant. */
| #if !defined __STDC__
| # error "Compiler does not advertise C89 conformance"
| #endif
| 
| #include <stddef.h>
| #include <stdarg.h>
| struct stat;
| /* Most of the following tests are stolen from RCS 5.7 src/conf.sh.  */
| struct buf { int x; };
| struct buf * (*rcsopen) (struct buf *, struct stat *, int);
| static char *e (p, i)
|      char **p;
|      int i;
| {
|   return p[i];
| }
| static char *f (char * (*g) (char **, int), char **p, ...)
| {
|   char *s;
|   va_list v;
|   va_start (v,p);
|   s = g (p, va_arg (v,int));
|   va_end (v);
|   return s;
| }
| 
| /* OSF 4.0 Compaq cc is some sort of almost-ANSI by default.  It has
|    function prototypes and stuff, but not \xHH hex character constants.
|    These do not provoke an error unfortunately, instead are silently treated
|    as an "x".  The following induces an error, until -std is added to get
|    proper ANSI mode.  Curiously \x00 != x always comes out true, for an
|    array size at least.  It is necessary to write \x00 == 0 to get something
|    that is true only with -std.  */
| int osf4_cc_array ['\x00' == 0 ? 1 : -1];
| 
| /* IBM C 6 for AIX is almost-ANSI by default, but it replaces macro parameters
|    inside strings and character constants.  */
| #define FOO(x) 'x'
| int xlc6_cc_array[FOO(a) == 'x' ? 1 : -1];
| 
| int test (int i, double x);
| struct s1 {int (*f) (int a);};
| struct s2 {int (*f) (double a);};
| int pairnames (int, char **, int *(*)(struct buf *, struct stat *, int),
|                int, int);
| 
| // Does the compiler advertise C99 conformance?
| #if !defined __STDC_VERSION__ || __STDC_VERSION__ < 199901L
| # error "Compiler does not advertise C99 conformance"
| #endif
| 
| #include <stdbool.h>
| extern int puts (const char *);
| extern int printf (const char *, ...);
| extern int dprintf (int, const char *, ...);
| extern void *malloc (size_t);
| 
| // Check varargs macros.  These examples are taken from C99 6.10.3.5.
| // dprintf is used instead of fprintf to avoid needing to declare
| // FILE and stderr.
| #define debug(...) dprintf (2, __VA_ARGS__)
| #define showlist(...) puts (#__VA_ARGS__)
| #define report(test,...) ((test) ? puts (#test) : printf (__VA_ARGS__))
| static void
| test_varargs_macros (void)
| {
|   int x = 1234;
|   int y = 5678;
|   debug ("Flag");
|   debug ("X = %d\n", x);
|   showlist (The first, second, and third items.);
|   report (x>y, "x is %d but y is %d", x, y);
| }
| 
| // Check long long types.
| #define BIG64 18446744073709551615ull
| #define BIG32 4294967295ul
| #define BIG_OK (BIG64 / BIG32 == 4294967297ull && BIG64 % BIG32 == 0)
| #if !BIG_OK
|   #error "your preprocessor is broken"
| #endif
| #if BIG_OK
| #else
|   #error "your preprocessor is broken"
| #endif
| static long long int bignum = -9223372036854775807LL;
| static unsigned long long int ubignum = BIG64;
| 
| struct incomplete_array
| {
|   int datasize;
|   double data[];
| };
| 
| struct named_init {
|   int number;
|   const wchar_t *name;
|   double average;
| };
| 
| typedef const char *ccp;
| 
| static inline int
| test_restrict (ccp restrict text)
| {
|   // See if C++-style comments work.
|   // Iterate through items via the restricted pointer.
|   // Also check for declarations in for loops.
|   for (unsigned int i = 0; *(text+i) != '\0'; ++i)
|     continue;
|   return 0;
| }
| 
| // Check varargs and va_copy.
| static bool
| test_varargs (const char *format, ...)
| {
|   va_list args;
|   va_start (args, format);
|   va_list args_copy;
|   va_copy (args_copy, args);
| 
|   const char *str = "";
|   int number = 0;
|   float fnumber = 0;
| 
|   while (*format)
|     {
|       switch (*format++)
| 	{
| 	case 's': // string
| 	  str = va_arg (args_copy, const char *);
| 	  break;
| 	case 'd': // int
| 	  number = va_arg (args_copy, int);
| 	  break;
| 	case 'f': // float
| 	  fnumber = va_arg (args_copy, double);
| 	  break;
| 	default:
| 	  break;
| 	}
|     }
|   va_end (args_copy);
|   va_end (args);
| 
|   return *str && number && fnumber;
| }
| 
| 
| int
| main (int argc, char **argv)
| {
|   int ok = 0;
|   
| ok |= (argc == 0 || f (e, argv, 0) != argv[0] || f (e, argv, 1) != argv[1]);
| 
|   
|   // Check bool.
|   _Bool success = false;
|   success |= (argc != 0);
| 
|   // Check restrict.
|   if (test_restrict ("String literal") == 0)
|     success = true;
|   char *restrict newvar = "Another string";
| 
|   // Check varargs.
|   success &= test_varargs ("s, d' f .", "string", 65, 34.234);
|   test_varargs_macros ();
| 
|   // Check flexible array members.
|   struct incomplete_array *ia =
|     malloc (sizeof (struct incomplete_array) + (sizeof (double) * 10));
|   ia->datasize = 10;
|   for (int i = 0; i < ia->datasize; ++i)
|     ia->data[i] = i * 1.234;
| 
|   // Check named initializers.
|   struct named_init ni = {
|     .number = 34,
|     .name = L"Test wide string",
|     .average = 543.34343,
|   };
| 
|   ni.number = 58;
| 
|   int dynamic_array[ni.number];
|   dynamic_array[0] = argv[0][0];
|   dynamic_array[ni.number - 1] = 543;
| 
|   // work around unused variable warnings
|   ok |= (!success || bignum == 0LL || ubignum == 0uLL || newvar[0] == 'x'
| 	 || dynamic_array[ni.number - 1] != 543);
| 
|   return ok;
| }
| 
configure:4199: /home/francisco/freetz-ng/toolchain/target/bin-ccache/mipsel-linux-gcc -std=gnu99 -c -Os -pipe -march=4kc -Wa,--trap -D COAP_DEBUG_FD=stderr  conftest.c >&5
configure:4199: $? = 0
configure:4220: result: -std=gnu99
configure:4287: checking whether /home/francisco/freetz-ng/toolchain/target/bin-ccache/mipsel-linux-gcc -std=gnu99 understands -c and -o together
configure:4310: /home/francisco/freetz-ng/toolchain/target/bin-ccache/mipsel-linux-gcc -std=gnu99 -c conftest.c -o conftest2.o
configure:4313: $? = 0
configure:4310: /home/francisco/freetz-ng/toolchain/target/bin-ccache/mipsel-linux-gcc -std=gnu99 -c conftest.c -o conftest2.o
configure:4313: $? = 0
configure:4325: result: yes
configure:4345: checking whether make supports the include directive
configure:4360: make -f confmf.GNU && cat confinc.out
this is the am__doit target
configure:4363: $? = 0
configure:4382: result: yes (GNU style)
configure:4408: checking dependency style of /home/francisco/freetz-ng/toolchain/target/bin-ccache/mipsel-linux-gcc -std=gnu99
configure:4520: result: gcc3
configure:4545: checking for mipsel-linux-ar
configure:4580: result: no
configure:4545: checking for mipsel-linux-lib
configure:4580: result: no
configure:4545: checking for mipsel-linux-link
configure:4580: result: no
configure:4594: checking for ar
configure:4615: found /usr/bin/ar
configure:4626: result: ar
configure:4652: checking the archiver (ar) interface
configure:4669: /home/francisco/freetz-ng/toolchain/target/bin-ccache/mipsel-linux-gcc -std=gnu99 -c -Os -pipe -march=4kc -Wa,--trap -D COAP_DEBUG_FD=stderr  conftest.c >&5
configure:4669: $? = 0
configure:4672: ar cru libconftest.a conftest.o >&5
ar: `u' modifier ignored since `D' is the default (see `U')
configure:4675: $? = 0
configure:4703: result: ar
configure:4758: checking build system type
configure:4773: result: i386-pc-linux-gnu
configure:4793: checking host system type
configure:4807: result: mipsel-unknown-linux-gnu
configure:4848: checking how to print strings
configure:4875: result: printf
configure:4896: checking for a sed that does not truncate output
configure:4966: result: /usr/bin/sed
configure:4984: checking for grep that handles long lines and -e
configure:5048: result: /usr/bin/grep
configure:5053: checking for egrep
configure:5121: result: /usr/bin/grep -E
configure:5126: checking for fgrep
configure:5194: result: /usr/bin/grep -F
configure:5230: checking for ld used by /home/francisco/freetz-ng/toolchain/target/bin-ccache/mipsel-linux-gcc -std=gnu99
configure:5298: result: /home/francisco/freetz-ng/toolchain/build/mipsel_gcc-4.6.4_uClibc-0.9.29/mipsel-linux-uclibc/mipsel-linux-uclibc/bin/ld
configure:5305: checking if the linker (/home/francisco/freetz-ng/toolchain/build/mipsel_gcc-4.6.4_uClibc-0.9.29/mipsel-linux-uclibc/mipsel-linux-uclibc/bin/ld) is GNU ld
configure:5321: result: yes
configure:5333: checking for BSD- or MS-compatible name lister (nm)
configure:5388: result: no
configure:5402: checking for mipsel-linux-dumpbin
configure:5437: result: no
configure:5402: checking for mipsel-linux-link
configure:5437: result: no
configure:5451: checking for dumpbin
configure:5486: result: no
configure:5451: checking for link
configure:5472: found /usr/bin/link
configure:5483: result: link -dump
configure:5528: checking the name lister (nm) interface
configure:5536: /home/francisco/freetz-ng/toolchain/target/bin-ccache/mipsel-linux-gcc -std=gnu99 -c -Os -pipe -march=4kc -Wa,--trap -D COAP_DEBUG_FD=stderr  conftest.c >&5
configure:5539: nm "conftest.o"
configure:5542: output
00000000 B some_variable
configure:5549: result: BSD nm
configure:5552: checking whether ln -s works
configure:5556: result: yes
configure:5564: checking the maximum length of command line arguments
configure:5696: result: 1572864
configure:5744: checking how to convert i386-pc-linux-gnu file names to mipsel-unknown-linux-gnu format
configure:5785: result: func_convert_file_noop
configure:5792: checking how to convert i386-pc-linux-gnu file names to toolchain format
configure:5813: result: func_convert_file_noop
configure:5820: checking for /home/francisco/freetz-ng/toolchain/build/mipsel_gcc-4.6.4_uClibc-0.9.29/mipsel-linux-uclibc/mipsel-linux-uclibc/bin/ld option to reload object files
configure:5828: result: -r
configure:5862: checking for mipsel-linux-file
configure:5897: result: no
configure:5907: checking for file
configure:5928: found /usr/bin/file
configure:5939: result: file
configure:5970: checking for mipsel-linux-objdump
configure:6005: result: no
configure:6015: checking for objdump
configure:6036: found /usr/bin/objdump
configure:6047: result: objdump
configure:6079: checking how to recognize dependent libraries
configure:6280: result: pass_all
configure:6325: checking for mipsel-linux-dlltool
configure:6360: result: no
configure:6370: checking for dlltool
configure:6405: result: no
configure:6435: checking how to associate runtime and link libraries
configure:6463: result: printf %s\n
configure:6479: checking for mipsel-linux-ar
configure:6511: result: ar
configure:6613: checking for archiver @FILE support
configure:6631: /home/francisco/freetz-ng/toolchain/target/bin-ccache/mipsel-linux-gcc -std=gnu99 -c -Os -pipe -march=4kc -Wa,--trap -D COAP_DEBUG_FD=stderr  conftest.c >&5
configure:6631: $? = 0
configure:6635: ar cr libconftest.a @conftest.lst >&5
configure:6638: $? = 0
configure:6643: ar cr libconftest.a @conftest.lst >&5
ar: conftest.o: No such file or directory
configure:6646: $? = 1
configure:6658: result: @
configure:6676: checking for mipsel-linux-strip
configure:6708: result: strip
configure:6785: checking for mipsel-linux-ranlib
configure:6820: result: no
configure:6830: checking for ranlib
configure:6851: found /usr/bin/ranlib
configure:6862: result: ranlib
configure:6964: checking command to parse nm output from /home/francisco/freetz-ng/toolchain/target/bin-ccache/mipsel-linux-gcc -std=gnu99 object
configure:7118: /home/francisco/freetz-ng/toolchain/target/bin-ccache/mipsel-linux-gcc -std=gnu99 -c -Os -pipe -march=4kc -Wa,--trap -D COAP_DEBUG_FD=stderr  conftest.c >&5
configure:7121: $? = 0
configure:7125: nm conftest.o \| /usr/bin/sed -n -e 's/^.*[ ]\([ABCDGIRSTW][ABCDGIRSTW]*\)[ ][ ]*\([_A-Za-z][_A-Za-z0-9]*\)$/\1 \2 \2/p' | /usr/bin/sed '/ __gnu_lto/d' \> conftest.nm
configure:7128: $? = 0
configure:7194: /home/francisco/freetz-ng/toolchain/target/bin-ccache/mipsel-linux-gcc -std=gnu99 -o conftest -Os -pipe -march=4kc -Wa,--trap -D COAP_DEBUG_FD=stderr   conftest.c conftstm.o >&5
configure:7197: $? = 0
configure:7235: result: ok
configure:7282: checking for sysroot
configure:7313: result: no
configure:7320: checking for a working dd
configure:7364: result: /usr/bin/dd
configure:7368: checking how to truncate binary pipes
configure:7384: result: /usr/bin/dd bs=4096 count=1
configure:7676: checking for mipsel-linux-mt
configure:7711: result: no
configure:7721: checking for mt
configure:7742: found /usr/bin/mt
configure:7753: result: mt
configure:7776: checking if mt is a manifest tool
configure:7783: mt '-?'
configure:7791: result: no
configure:8516: checking for stdio.h
configure:8516: /home/francisco/freetz-ng/toolchain/target/bin-ccache/mipsel-linux-gcc -std=gnu99 -c -Os -pipe -march=4kc -Wa,--trap -D COAP_DEBUG_FD=stderr  conftest.c >&5
configure:8516: $? = 0
configure:8516: result: yes
configure:8516: checking for stdlib.h
configure:8516: /home/francisco/freetz-ng/toolchain/target/bin-ccache/mipsel-linux-gcc -std=gnu99 -c -Os -pipe -march=4kc -Wa,--trap -D COAP_DEBUG_FD=stderr  conftest.c >&5
configure:8516: $? = 0
configure:8516: result: yes
configure:8516: checking for string.h
configure:8516: /home/francisco/freetz-ng/toolchain/target/bin-ccache/mipsel-linux-gcc -std=gnu99 -c -Os -pipe -march=4kc -Wa,--trap -D COAP_DEBUG_FD=stderr  conftest.c >&5
configure:8516: $? = 0
configure:8516: result: yes
configure:8516: checking for inttypes.h
configure:8516: /home/francisco/freetz-ng/toolchain/target/bin-ccache/mipsel-linux-gcc -std=gnu99 -c -Os -pipe -march=4kc -Wa,--trap -D COAP_DEBUG_FD=stderr  conftest.c >&5
configure:8516: $? = 0
configure:8516: result: yes
configure:8516: checking for stdint.h
configure:8516: /home/francisco/freetz-ng/toolchain/target/bin-ccache/mipsel-linux-gcc -std=gnu99 -c -Os -pipe -march=4kc -Wa,--trap -D COAP_DEBUG_FD=stderr  conftest.c >&5
configure:8516: $? = 0
configure:8516: result: yes
configure:8516: checking for strings.h
configure:8516: /home/francisco/freetz-ng/toolchain/target/bin-ccache/mipsel-linux-gcc -std=gnu99 -c -Os -pipe -march=4kc -Wa,--trap -D COAP_DEBUG_FD=stderr  conftest.c >&5
configure:8516: $? = 0
configure:8516: result: yes
configure:8516: checking for sys/stat.h
configure:8516: /home/francisco/freetz-ng/toolchain/target/bin-ccache/mipsel-linux-gcc -std=gnu99 -c -Os -pipe -march=4kc -Wa,--trap -D COAP_DEBUG_FD=stderr  conftest.c >&5
configure:8516: $? = 0
configure:8516: result: yes
configure:8516: checking for sys/types.h
configure:8516: /home/francisco/freetz-ng/toolchain/target/bin-ccache/mipsel-linux-gcc -std=gnu99 -c -Os -pipe -march=4kc -Wa,--trap -D COAP_DEBUG_FD=stderr  conftest.c >&5
configure:8516: $? = 0
configure:8516: result: yes
configure:8516: checking for unistd.h
configure:8516: /home/francisco/freetz-ng/toolchain/target/bin-ccache/mipsel-linux-gcc -std=gnu99 -c -Os -pipe -march=4kc -Wa,--trap -D COAP_DEBUG_FD=stderr  conftest.c >&5
configure:8516: $? = 0
configure:8516: result: yes
configure:8541: checking for dlfcn.h
configure:8541: /home/francisco/freetz-ng/toolchain/target/bin-ccache/mipsel-linux-gcc -std=gnu99 -c -Os -pipe -march=4kc -Wa,--trap -D COAP_DEBUG_FD=stderr  conftest.c >&5
configure:8541: $? = 0
configure:8541: result: yes
configure:8798: checking for objdir
configure:8814: result: .libs
configure:9078: checking if /home/francisco/freetz-ng/toolchain/target/bin-ccache/mipsel-linux-gcc -std=gnu99 supports -fno-rtti -fno-exceptions
configure:9097: /home/francisco/freetz-ng/toolchain/target/bin-ccache/mipsel-linux-gcc -std=gnu99 -c -Os -pipe -march=4kc -Wa,--trap -D COAP_DEBUG_FD=stderr  -fno-rtti -fno-exceptions conftest.c >&5
cc1: warning: command line option '-fno-rtti' is valid for C++/ObjC++ but not for C [enabled by default]
configure:9101: $? = 0
configure:9114: result: no
configure:9472: checking for /home/francisco/freetz-ng/toolchain/target/bin-ccache/mipsel-linux-gcc -std=gnu99 option to produce PIC
configure:9480: result: -fPIC -DPIC
configure:9488: checking if /home/francisco/freetz-ng/toolchain/target/bin-ccache/mipsel-linux-gcc -std=gnu99 PIC flag -fPIC -DPIC works
configure:9507: /home/francisco/freetz-ng/toolchain/target/bin-ccache/mipsel-linux-gcc -std=gnu99 -c -Os -pipe -march=4kc -Wa,--trap -D COAP_DEBUG_FD=stderr  -fPIC -DPIC -DPIC conftest.c >&5
configure:9511: $? = 0
configure:9524: result: yes
configure:9553: checking if /home/francisco/freetz-ng/toolchain/target/bin-ccache/mipsel-linux-gcc -std=gnu99 static flag -static works
configure:9582: result: yes
configure:9597: checking if /home/francisco/freetz-ng/toolchain/target/bin-ccache/mipsel-linux-gcc -std=gnu99 supports -c -o file.o
configure:9619: /home/francisco/freetz-ng/toolchain/target/bin-ccache/mipsel-linux-gcc -std=gnu99 -c -Os -pipe -march=4kc -Wa,--trap -D COAP_DEBUG_FD=stderr  -o out/conftest2.o conftest.c >&5
configure:9623: $? = 0
configure:9645: result: yes
configure:9653: checking if /home/francisco/freetz-ng/toolchain/target/bin-ccache/mipsel-linux-gcc -std=gnu99 supports -c -o file.o
configure:9701: result: yes
configure:9734: checking whether the /home/francisco/freetz-ng/toolchain/target/bin-ccache/mipsel-linux-gcc -std=gnu99 linker (/home/francisco/freetz-ng/toolchain/build/mipsel_gcc-4.6.4_uClibc-0.9.29/mipsel-linux-uclibc/mipsel-linux-uclibc/bin/ld) supports shared libraries
configure:11002: result: yes
configure:11243: checking dynamic linker characteristics
configure:11825: /home/francisco/freetz-ng/toolchain/target/bin-ccache/mipsel-linux-gcc -std=gnu99 -o conftest -Os -pipe -march=4kc -Wa,--trap -D COAP_DEBUG_FD=stderr   -Wl,-rpath -Wl,/foo conftest.c  >&5
configure:11825: $? = 0
configure:12064: result: GNU/Linux ld.so
configure:12186: checking how to hardcode library paths into programs
configure:12211: result: immediate
configure:12763: checking whether stripping libraries is possible
configure:12772: result: yes
configure:12814: checking if libtool supports shared libraries
configure:12816: result: yes
configure:12819: checking whether to build shared libraries
configure:12844: result: no
configure:12847: checking whether to build static libraries
configure:12851: result: yes
configure:12971: checking whether C compiler accepts -Wlogical-op
configure:12991: /home/francisco/freetz-ng/toolchain/target/bin-ccache/mipsel-linux-gcc -std=gnu99 -c -Os -pipe -march=4kc -Wa,--trap -D COAP_DEBUG_FD=stderr -Werror -Wlogical-op  conftest.c >&5
configure:12991: $? = 0
configure:13000: result: yes
configure:13009: checking whether C compiler accepts -fdiagnostics-color
configure:13029: /home/francisco/freetz-ng/toolchain/target/bin-ccache/mipsel-linux-gcc -std=gnu99 -c -Os -pipe -march=4kc -Wa,--trap -D COAP_DEBUG_FD=stderr -Werror -fdiagnostics-color  conftest.c >&5
cc1: error: unrecognized command line option '-fdiagnostics-color'
configure:13029: $? = 1
configure: failed program was:
| /* confdefs.h */
| #define PACKAGE_NAME "libcoap"
| #define PACKAGE_TARNAME "libcoap"
| #define PACKAGE_VERSION "4.1.2"
| #define PACKAGE_STRING "libcoap 4.1.2"
| #define PACKAGE_BUGREPORT "libcoap-developers@lists.sourceforge.net"
| #define PACKAGE_URL "https://libcoap.net/"
| #define HAVE_STDIO_H 1
| #define HAVE_STDLIB_H 1
| #define HAVE_STRING_H 1
| #define HAVE_INTTYPES_H 1
| #define HAVE_STDINT_H 1
| #define HAVE_STRINGS_H 1
| #define HAVE_SYS_STAT_H 1
| #define HAVE_SYS_TYPES_H 1
| #define HAVE_UNISTD_H 1
| #define STDC_HEADERS 1
| #define HAVE_DLFCN_H 1
| #define LT_OBJDIR ".libs/"
| /* end confdefs.h.  */
| 
| int
| main (void)
| {
| 
|   ;
|   return 0;
| }
configure:13038: result: no
configure:13051: checking whether the linker accepts -Wl,--version-script=./libcoap-1.map
configure:13071: /home/francisco/freetz-ng/toolchain/target/bin-ccache/mipsel-linux-gcc -std=gnu99 -o conftest -Os -pipe -march=4kc -Wa,--trap -D COAP_DEBUG_FD=stderr    -Wl,--version-script=./libcoap-1.map conftest.c  >&5
configure:13071: $? = 0
configure:13082: result: yes
configure:13519: checking for ctags
configure:13542: found /usr/bin/ctags
configure:13554: result: /usr/bin/ctags
configure:13582: checking for assert.h
configure:13582: /home/francisco/freetz-ng/toolchain/target/bin-ccache/mipsel-linux-gcc -std=gnu99 -c -Os -pipe -march=4kc -Wa,--trap -D COAP_DEBUG_FD=stderr  conftest.c >&5
configure:13582: $? = 0
configure:13582: result: yes
configure:13588: checking for arpa/inet.h
configure:13588: /home/francisco/freetz-ng/toolchain/target/bin-ccache/mipsel-linux-gcc -std=gnu99 -c -Os -pipe -march=4kc -Wa,--trap -D COAP_DEBUG_FD=stderr  conftest.c >&5
configure:13588: $? = 0
configure:13588: result: yes
configure:13594: checking for limits.h
configure:13594: /home/francisco/freetz-ng/toolchain/target/bin-ccache/mipsel-linux-gcc -std=gnu99 -c -Os -pipe -march=4kc -Wa,--trap -D COAP_DEBUG_FD=stderr  conftest.c >&5
configure:13594: $? = 0
configure:13594: result: yes
configure:13600: checking for netdb.h
configure:13600: /home/francisco/freetz-ng/toolchain/target/bin-ccache/mipsel-linux-gcc -std=gnu99 -c -Os -pipe -march=4kc -Wa,--trap -D COAP_DEBUG_FD=stderr  conftest.c >&5
configure:13600: $? = 0
configure:13600: result: yes
configure:13606: checking for netinet/in.h
configure:13606: /home/francisco/freetz-ng/toolchain/target/bin-ccache/mipsel-linux-gcc -std=gnu99 -c -Os -pipe -march=4kc -Wa,--trap -D COAP_DEBUG_FD=stderr  conftest.c >&5
configure:13606: $? = 0
configure:13606: result: yes
configure:13612: checking for stdlib.h
configure:13612: result: yes
configure:13618: checking for string.h
configure:13618: result: yes
configure:13624: checking for strings.h
configure:13624: result: yes
configure:13630: checking for sys/socket.h
configure:13630: /home/francisco/freetz-ng/toolchain/target/bin-ccache/mipsel-linux-gcc -std=gnu99 -c -Os -pipe -march=4kc -Wa,--trap -D COAP_DEBUG_FD=stderr  conftest.c >&5
configure:13630: $? = 0
configure:13630: result: yes
configure:13636: checking for sys/time.h
configure:13636: /home/francisco/freetz-ng/toolchain/target/bin-ccache/mipsel-linux-gcc -std=gnu99 -c -Os -pipe -march=4kc -Wa,--trap -D COAP_DEBUG_FD=stderr  conftest.c >&5
configure:13636: $? = 0
configure:13636: result: yes
configure:13642: checking for time.h
configure:13642: /home/francisco/freetz-ng/toolchain/target/bin-ccache/mipsel-linux-gcc -std=gnu99 -c -Os -pipe -march=4kc -Wa,--trap -D COAP_DEBUG_FD=stderr  conftest.c >&5
configure:13642: $? = 0
configure:13642: result: yes
configure:13648: checking for unistd.h
configure:13648: result: yes
configure:13654: checking for sys/unistd.h
configure:13654: /home/francisco/freetz-ng/toolchain/target/bin-ccache/mipsel-linux-gcc -std=gnu99 -c -Os -pipe -march=4kc -Wa,--trap -D COAP_DEBUG_FD=stderr  conftest.c >&5
configure:13654: $? = 0
configure:13654: result: yes
configure:13660: checking for syslog.h
configure:13660: /home/francisco/freetz-ng/toolchain/target/bin-ccache/mipsel-linux-gcc -std=gnu99 -c -Os -pipe -march=4kc -Wa,--trap -D COAP_DEBUG_FD=stderr  conftest.c >&5
configure:13660: $? = 0
configure:13660: result: yes
configure:13666: checking for sys/select.h
configure:13666: /home/francisco/freetz-ng/toolchain/target/bin-ccache/mipsel-linux-gcc -std=gnu99 -c -Os -pipe -march=4kc -Wa,--trap -D COAP_DEBUG_FD=stderr  conftest.c >&5
configure:13666: $? = 0
configure:13666: result: yes
configure:13675: checking for size_t
configure:13675: /home/francisco/freetz-ng/toolchain/target/bin-ccache/mipsel-linux-gcc -std=gnu99 -c -Os -pipe -march=4kc -Wa,--trap -D COAP_DEBUG_FD=stderr  conftest.c >&5
configure:13675: $? = 0
configure:13675: /home/francisco/freetz-ng/toolchain/target/bin-ccache/mipsel-linux-gcc -std=gnu99 -c -Os -pipe -march=4kc -Wa,--trap -D COAP_DEBUG_FD=stderr  conftest.c >&5
conftest.c: In function 'main':
conftest.c:67:21: error: expected expression before ')' token
configure:13675: $? = 1
configure: failed program was:
| /* confdefs.h */
| #define PACKAGE_NAME "libcoap"
| #define PACKAGE_TARNAME "libcoap"
| #define PACKAGE_VERSION "4.1.2"
| #define PACKAGE_STRING "libcoap 4.1.2"
| #define PACKAGE_BUGREPORT "libcoap-developers@lists.sourceforge.net"
| #define PACKAGE_URL "https://libcoap.net/"
| #define HAVE_STDIO_H 1
| #define HAVE_STDLIB_H 1
| #define HAVE_STRING_H 1
| #define HAVE_INTTYPES_H 1
| #define HAVE_STDINT_H 1
| #define HAVE_STRINGS_H 1
| #define HAVE_SYS_STAT_H 1
| #define HAVE_SYS_TYPES_H 1
| #define HAVE_UNISTD_H 1
| #define STDC_HEADERS 1
| #define HAVE_DLFCN_H 1
| #define LT_OBJDIR ".libs/"
| #define HAVE_ASSERT_H 1
| #define HAVE_ARPA_INET_H 1
| #define HAVE_LIMITS_H 1
| #define HAVE_NETDB_H 1
| #define HAVE_NETINET_IN_H 1
| #define HAVE_STDLIB_H 1
| #define HAVE_STRING_H 1
| #define HAVE_STRINGS_H 1
| #define HAVE_SYS_SOCKET_H 1
| #define HAVE_SYS_TIME_H 1
| #define HAVE_TIME_H 1
| #define HAVE_UNISTD_H 1
| #define HAVE_SYS_UNISTD_H 1
| #define HAVE_SYSLOG_H 1
| #define HAVE_SYS_SELECT_H 1
| /* end confdefs.h.  */
| #include <stddef.h>
| #ifdef HAVE_STDIO_H
| # include <stdio.h>
| #endif
| #ifdef HAVE_STDLIB_H
| # include <stdlib.h>
| #endif
| #ifdef HAVE_STRING_H
| # include <string.h>
| #endif
| #ifdef HAVE_INTTYPES_H
| # include <inttypes.h>
| #endif
| #ifdef HAVE_STDINT_H
| # include <stdint.h>
| #endif
| #ifdef HAVE_STRINGS_H
| # include <strings.h>
| #endif
| #ifdef HAVE_SYS_TYPES_H
| # include <sys/types.h>
| #endif
| #ifdef HAVE_SYS_STAT_H
| # include <sys/stat.h>
| #endif
| #ifdef HAVE_UNISTD_H
| # include <unistd.h>
| #endif
| int
| main (void)
| {
| if (sizeof ((size_t)))
| 	    return 0;
|   ;
|   return 0;
| }
configure:13675: result: yes
configure:13685: checking for ssize_t
configure:13685: /home/francisco/freetz-ng/toolchain/target/bin-ccache/mipsel-linux-gcc -std=gnu99 -c -Os -pipe -march=4kc -Wa,--trap -D COAP_DEBUG_FD=stderr  conftest.c >&5
configure:13685: $? = 0
configure:13685: /home/francisco/freetz-ng/toolchain/target/bin-ccache/mipsel-linux-gcc -std=gnu99 -c -Os -pipe -march=4kc -Wa,--trap -D COAP_DEBUG_FD=stderr  conftest.c >&5
conftest.c: In function 'main':
conftest.c:67:22: error: expected expression before ')' token
configure:13685: $? = 1
configure: failed program was:
| /* confdefs.h */
| #define PACKAGE_NAME "libcoap"
| #define PACKAGE_TARNAME "libcoap"
| #define PACKAGE_VERSION "4.1.2"
| #define PACKAGE_STRING "libcoap 4.1.2"
| #define PACKAGE_BUGREPORT "libcoap-developers@lists.sourceforge.net"
| #define PACKAGE_URL "https://libcoap.net/"
| #define HAVE_STDIO_H 1
| #define HAVE_STDLIB_H 1
| #define HAVE_STRING_H 1
| #define HAVE_INTTYPES_H 1
| #define HAVE_STDINT_H 1
| #define HAVE_STRINGS_H 1
| #define HAVE_SYS_STAT_H 1
| #define HAVE_SYS_TYPES_H 1
| #define HAVE_UNISTD_H 1
| #define STDC_HEADERS 1
| #define HAVE_DLFCN_H 1
| #define LT_OBJDIR ".libs/"
| #define HAVE_ASSERT_H 1
| #define HAVE_ARPA_INET_H 1
| #define HAVE_LIMITS_H 1
| #define HAVE_NETDB_H 1
| #define HAVE_NETINET_IN_H 1
| #define HAVE_STDLIB_H 1
| #define HAVE_STRING_H 1
| #define HAVE_STRINGS_H 1
| #define HAVE_SYS_SOCKET_H 1
| #define HAVE_SYS_TIME_H 1
| #define HAVE_TIME_H 1
| #define HAVE_UNISTD_H 1
| #define HAVE_SYS_UNISTD_H 1
| #define HAVE_SYSLOG_H 1
| #define HAVE_SYS_SELECT_H 1
| /* end confdefs.h.  */
| #include <stddef.h>
| #ifdef HAVE_STDIO_H
| # include <stdio.h>
| #endif
| #ifdef HAVE_STDLIB_H
| # include <stdlib.h>
| #endif
| #ifdef HAVE_STRING_H
| # include <string.h>
| #endif
| #ifdef HAVE_INTTYPES_H
| # include <inttypes.h>
| #endif
| #ifdef HAVE_STDINT_H
| # include <stdint.h>
| #endif
| #ifdef HAVE_STRINGS_H
| # include <strings.h>
| #endif
| #ifdef HAVE_SYS_TYPES_H
| # include <sys/types.h>
| #endif
| #ifdef HAVE_SYS_STAT_H
| # include <sys/stat.h>
| #endif
| #ifdef HAVE_UNISTD_H
| # include <unistd.h>
| #endif
| int
| main (void)
| {
| if (sizeof ((ssize_t)))
| 	    return 0;
|   ;
|   return 0;
| }
configure:13685: result: yes
configure:13697: checking for memset
configure:13697: /home/francisco/freetz-ng/toolchain/target/bin-ccache/mipsel-linux-gcc -std=gnu99 -o conftest -Os -pipe -march=4kc -Wa,--trap -D COAP_DEBUG_FD=stderr   conftest.c  >&5
conftest.c:52:6: warning: conflicting types for built-in function 'memset' [enabled by default]
configure:13697: $? = 0
configure:13697: result: yes
configure:13703: checking for select
configure:13703: /home/francisco/freetz-ng/toolchain/target/bin-ccache/mipsel-linux-gcc -std=gnu99 -o conftest -Os -pipe -march=4kc -Wa,--trap -D COAP_DEBUG_FD=stderr   conftest.c  >&5
configure:13703: $? = 0
configure:13703: result: yes
configure:13709: checking for socket
configure:13709: /home/francisco/freetz-ng/toolchain/target/bin-ccache/mipsel-linux-gcc -std=gnu99 -o conftest -Os -pipe -march=4kc -Wa,--trap -D COAP_DEBUG_FD=stderr   conftest.c  >&5
configure:13709: $? = 0
configure:13709: result: yes
configure:13715: checking for strcasecmp
configure:13715: /home/francisco/freetz-ng/toolchain/target/bin-ccache/mipsel-linux-gcc -std=gnu99 -o conftest -Os -pipe -march=4kc -Wa,--trap -D COAP_DEBUG_FD=stderr   conftest.c  >&5
conftest.c:55:6: warning: conflicting types for built-in function 'strcasecmp' [enabled by default]
configure:13715: $? = 0
configure:13715: result: yes
configure:13721: checking for strrchr
configure:13721: /home/francisco/freetz-ng/toolchain/target/bin-ccache/mipsel-linux-gcc -std=gnu99 -o conftest -Os -pipe -march=4kc -Wa,--trap -D COAP_DEBUG_FD=stderr   conftest.c  >&5
conftest.c:56:6: warning: conflicting types for built-in function 'strrchr' [enabled by default]
configure:13721: $? = 0
configure:13721: result: yes
configure:13727: checking for getaddrinfo
configure:13727: /home/francisco/freetz-ng/toolchain/target/bin-ccache/mipsel-linux-gcc -std=gnu99 -o conftest -Os -pipe -march=4kc -Wa,--trap -D COAP_DEBUG_FD=stderr   conftest.c  >&5
configure:13727: $? = 0
configure:13727: result: yes
configure:13733: checking for strnlen
configure:13733: /home/francisco/freetz-ng/toolchain/target/bin-ccache/mipsel-linux-gcc -std=gnu99 -o conftest -Os -pipe -march=4kc -Wa,--trap -D COAP_DEBUG_FD=stderr   conftest.c  >&5
configure:13733: $? = 0
configure:13733: result: yes
configure:13739: checking for malloc
configure:13739: /home/francisco/freetz-ng/toolchain/target/bin-ccache/mipsel-linux-gcc -std=gnu99 -o conftest -Os -pipe -march=4kc -Wa,--trap -D COAP_DEBUG_FD=stderr   conftest.c  >&5
conftest.c:59:6: warning: conflicting types for built-in function 'malloc' [enabled by default]
configure:13739: $? = 0
configure:13739: result: yes
configure:13748: checking for library containing socket
configure:13778: /home/francisco/freetz-ng/toolchain/target/bin-ccache/mipsel-linux-gcc -std=gnu99 -o conftest -Os -pipe -march=4kc -Wa,--trap -D COAP_DEBUG_FD=stderr   conftest.c  >&5
configure:13778: $? = 0
configure:13798: result: none required
configure:13807: checking for library containing inet_ntop
configure:13837: /home/francisco/freetz-ng/toolchain/target/bin-ccache/mipsel-linux-gcc -std=gnu99 -o conftest -Os -pipe -march=4kc -Wa,--trap -D COAP_DEBUG_FD=stderr   conftest.c  >&5
configure:13837: $? = 0
configure:13857: result: none required
configure:13868: checking for library containing clock_gettime
configure:13898: /home/francisco/freetz-ng/toolchain/target/bin-ccache/mipsel-linux-gcc -std=gnu99 -o conftest -Os -pipe -march=4kc -Wa,--trap -D COAP_DEBUG_FD=stderr   conftest.c  >&5
configure:13898: $? = 0
configure:13918: result: none required
configure:13945: checking operating system
configure:13953: result: Linux
configure:14115: checking that generated files are newer than configure
configure:14121: result: done
configure:14164: creating ./config.status

## ---------------------- ##
## Running config.status. ##
## ---------------------- ##

This file was extended by libcoap config.status 4.1.2, which was
generated by GNU Autoconf 2.71.  Invocation command line was

  CONFIG_FILES    = 
  CONFIG_HEADERS  = 
  CONFIG_LINKS    = 
  CONFIG_COMMANDS = 
  $ ./config.status 

on p200300f9f702f222ba8d12fffe07104c

config.status:1143: creating Makefile
config.status:1143: creating doc/Makefile
config.status:1143: creating examples/Makefile
config.status:1143: creating examples/coap-client.txt
config.status:1143: creating examples/coap-server.txt
config.status:1143: creating examples/coap-rd.txt
config.status:1143: creating include/coap/coap.h
config.status:1143: creating tests/Makefile
config.status:1143: creating libcoap-1.pc
config.status:1143: creating coap_config.h
config.status:1372: executing depfiles commands
config.status:1449: cd .       && sed -e '/# am--include-marker/d' Makefile         | make -f - am--depfiles
config.status:1454: $? = 0
config.status:1449: cd examples       && sed -e '/# am--include-marker/d' Makefile         | make -f - am--depfiles
config.status:1454: $? = 0
config.status:1449: cd tests       && sed -e '/# am--include-marker/d' Makefile         | make -f - am--depfiles
config.status:1454: $? = 0
config.status:1372: executing libtool commands
configure:16390: === configuring in ext/tinydtls (/home/francisco/ikea-tradfri-coap-docs/scripts/libcoap/ext/tinydtls)
configure:16451: running /bin/bash ./configure --disable-option-checking '--prefix=/usr/local'  '--build=i386-linux-gnu' '--target=mipsel-linux' '--host=mipsel-linux' '--disable-documentation' '--disable-shared' '--without-debug' 'CC=/home/francisco/freetz-ng/toolchain/target/bin-ccache/mipsel-linux-gcc' 'CFLAGS=-Os -pipe -march=4kc -Wa,--trap -D COAP_DEBUG_FD=stderr' 'build_alias=i386-linux-gnu' 'host_alias=mipsel-linux' 'target_alias=mipsel-linux' --cache-file=/dev/null --srcdir=.
configure:16468: result:
libcoap configuration summary:
      libcoap package version : "4.1.2"
      libcoap library version : "0.0.0"
      libcoap API version     : "1"
      host system             : "mipsel-unknown-linux-gnu"
configure:16494: result:       build documentation     : "no"
configure:16502: result:       build unit test binary  : "no"
configure:16506: result:       build examples          : "yes"
configure:16512: result:              -->  use a2x     : "no"
configure:16520: result:       build with DTLS support : "yes"

## ---------------- ##
## Cache variables. ##
## ---------------- ##

ac_cv_build=i386-pc-linux-gnu
ac_cv_c_compiler_gnu=yes
ac_cv_env_A2X_set=
ac_cv_env_A2X_value=
ac_cv_env_CC_set=set
ac_cv_env_CC_value=/home/francisco/freetz-ng/toolchain/target/bin-ccache/mipsel-linux-gcc
ac_cv_env_CFLAGS_set=set
ac_cv_env_CFLAGS_value='-Os -pipe -march=4kc -Wa,--trap -D COAP_DEBUG_FD=stderr'
ac_cv_env_CPPFLAGS_set=
ac_cv_env_CPPFLAGS_value=
ac_cv_env_CTAGS_PROG_set=
ac_cv_env_CTAGS_PROG_value=
ac_cv_env_LDFLAGS_set=
ac_cv_env_LDFLAGS_value=
ac_cv_env_LIBS_set=
ac_cv_env_LIBS_value=
ac_cv_env_LT_SYS_LIBRARY_PATH_set=
ac_cv_env_LT_SYS_LIBRARY_PATH_value=
ac_cv_env_build_alias_set=set
ac_cv_env_build_alias_value=i386-linux-gnu
ac_cv_env_host_alias_set=set
ac_cv_env_host_alias_value=mipsel-linux
ac_cv_env_target_alias_set=set
ac_cv_env_target_alias_value=mipsel-linux
ac_cv_func_getaddrinfo=yes
ac_cv_func_malloc=yes
ac_cv_func_memset=yes
ac_cv_func_select=yes
ac_cv_func_socket=yes
ac_cv_func_strcasecmp=yes
ac_cv_func_strnlen=yes
ac_cv_func_strrchr=yes
ac_cv_header_arpa_inet_h=yes
ac_cv_header_assert_h=yes
ac_cv_header_dlfcn_h=yes
ac_cv_header_inttypes_h=yes
ac_cv_header_limits_h=yes
ac_cv_header_netdb_h=yes
ac_cv_header_netinet_in_h=yes
ac_cv_header_stdint_h=yes
ac_cv_header_stdio_h=yes
ac_cv_header_stdlib_h=yes
ac_cv_header_string_h=yes
ac_cv_header_strings_h=yes
ac_cv_header_sys_select_h=yes
ac_cv_header_sys_socket_h=yes
ac_cv_header_sys_stat_h=yes
ac_cv_header_sys_time_h=yes
ac_cv_header_sys_types_h=yes
ac_cv_header_sys_unistd_h=yes
ac_cv_header_syslog_h=yes
ac_cv_header_time_h=yes
ac_cv_header_unistd_h=yes
ac_cv_host=mipsel-unknown-linux-gnu
ac_cv_objext=o
ac_cv_path_CTAGS_PROG=/usr/bin/ctags
ac_cv_path_EGREP='/usr/bin/grep -E'
ac_cv_path_FGREP='/usr/bin/grep -F'
ac_cv_path_GREP=/usr/bin/grep
ac_cv_path_SED=/usr/bin/sed
ac_cv_path_install='/usr/bin/install -c'
ac_cv_path_lt_DD=/usr/bin/dd
ac_cv_path_mkdir=/usr/bin/mkdir
ac_cv_prog_AR=ar
ac_cv_prog_AWK=gawk
ac_cv_prog_CC=/home/francisco/freetz-ng/toolchain/target/bin-ccache/mipsel-linux-gcc
ac_cv_prog_STRIP=strip
ac_cv_prog_ac_ct_AR=ar
ac_cv_prog_ac_ct_DUMPBIN='link -dump'
ac_cv_prog_ac_ct_FILECMD=file
ac_cv_prog_ac_ct_MANIFEST_TOOL=mt
ac_cv_prog_ac_ct_OBJDUMP=objdump
ac_cv_prog_ac_ct_RANLIB=ranlib
ac_cv_prog_ac_ct_STRIP=strip
ac_cv_prog_cc_c11=no
ac_cv_prog_cc_c99=-std=gnu99
ac_cv_prog_cc_g=yes
ac_cv_prog_cc_stdc=-std=gnu99
ac_cv_prog_make_make_set=yes
ac_cv_search_clock_gettime='none required'
ac_cv_search_inet_ntop='none required'
ac_cv_search_socket='none required'
ac_cv_type_size_t=yes
ac_cv_type_ssize_t=yes
am_cv_CC_dependencies_compiler_type=gcc3
am_cv_ar_interface=ar
am_cv_make_support_nested_variables=yes
am_cv_prog_cc_c_o=yes
ax_cv_check_cflags__Werror__Wlogical_op=yes
ax_cv_check_cflags__Werror__fdiagnostics_color=no
ax_cv_check_ldflags___Wl___version_script___libcoap_1_map=yes
lt_cv_ar_at_file=@
lt_cv_deplibs_check_method=pass_all
lt_cv_file_magic_cmd='$MAGIC_CMD'
lt_cv_file_magic_test_file=
lt_cv_ld_reload_flag=-r
lt_cv_nm_interface='BSD nm'
lt_cv_objdir=.libs
lt_cv_path_LD=/home/francisco/freetz-ng/toolchain/build/mipsel_gcc-4.6.4_uClibc-0.9.29/mipsel-linux-uclibc/mipsel-linux-uclibc/bin/ld
lt_cv_path_NM=no
lt_cv_path_mainfest_tool=no
lt_cv_prog_compiler_c_o=yes
lt_cv_prog_compiler_pic='-fPIC -DPIC'
lt_cv_prog_compiler_pic_works=yes
lt_cv_prog_compiler_rtti_exceptions=no
lt_cv_prog_compiler_static_works=yes
lt_cv_prog_gnu_ld=yes
lt_cv_sharedlib_from_linklib_cmd='printf %s\n'
lt_cv_shlibpath_overrides_runpath=no
lt_cv_sys_global_symbol_pipe='/usr/bin/sed -n -e '\''s/^.*[	 ]\([ABCDGIRSTW][ABCDGIRSTW]*\)[	 ][	 ]*\([_A-Za-z][_A-Za-z0-9]*\)$/\1 \2 \2/p'\'' | /usr/bin/sed '\''/ __gnu_lto/d'\'''
lt_cv_sys_global_symbol_to_c_name_address='/usr/bin/sed -n -e '\''s/^: \(.*\) .*$/  {"\1", (void *) 0},/p'\'' -e '\''s/^[ABCDGIRSTW][ABCDGIRSTW]* .* \(.*\)$/  {"\1", (void *) \&\1},/p'\'''
lt_cv_sys_global_symbol_to_c_name_address_lib_prefix='/usr/bin/sed -n -e '\''s/^: \(.*\) .*$/  {"\1", (void *) 0},/p'\'' -e '\''s/^[ABCDGIRSTW][ABCDGIRSTW]* .* \(lib.*\)$/  {"\1", (void *) \&\1},/p'\'' -e '\''s/^[ABCDGIRSTW][ABCDGIRSTW]* .* \(.*\)$/  {"lib\1", (void *) \&\1},/p'\'''
lt_cv_sys_global_symbol_to_cdecl='/usr/bin/sed -n -e '\''s/^T .* \(.*\)$/extern int \1();/p'\'' -e '\''s/^[ABCDGIRSTW][ABCDGIRSTW]* .* \(.*\)$/extern char \1;/p'\'''
lt_cv_sys_global_symbol_to_import=
lt_cv_sys_max_cmd_len=1572864
lt_cv_to_host_file_cmd=func_convert_file_noop
lt_cv_to_tool_file_cmd=func_convert_file_noop
lt_cv_truncate_bin='/usr/bin/dd bs=4096 count=1'

## ----------------- ##
## Output variables. ##
## ----------------- ##

A2X=''
ACLOCAL='${SHELL} '\''/home/francisco/ikea-tradfri-coap-docs/scripts/libcoap/missing'\'' aclocal-1.16'
AMDEPBACKSLASH='\'
AMDEP_FALSE='#'
AMDEP_TRUE=''
AMTAR='$${TAR-tar}'
AM_BACKSLASH='\'
AM_DEFAULT_V='$(AM_DEFAULT_VERBOSITY)'
AM_DEFAULT_VERBOSITY='1'
AM_V='$(V)'
AR='ar'
AUTOCONF='${SHELL} '\''/home/francisco/ikea-tradfri-coap-docs/scripts/libcoap/missing'\'' autoconf'
AUTOHEADER='${SHELL} '\''/home/francisco/ikea-tradfri-coap-docs/scripts/libcoap/missing'\'' autoheader'
AUTOMAKE='${SHELL} '\''/home/francisco/ikea-tradfri-coap-docs/scripts/libcoap/missing'\'' automake-1.16'
AWK='gawk'
BUILD_DOCUMENTATION_FALSE=''
BUILD_DOCUMENTATION_TRUE='#'
BUILD_DTLS_FALSE='#'
BUILD_DTLS_TRUE=''
BUILD_EXAMPLES_FALSE='#'
BUILD_EXAMPLES_TRUE=''
CC='/home/francisco/freetz-ng/toolchain/target/bin-ccache/mipsel-linux-gcc -std=gnu99'
CCDEPMODE='depmode=gcc3'
CFLAGS='-Os -pipe -march=4kc -Wa,--trap -D COAP_DEBUG_FD=stderr -D_GNU_SOURCE -DWITH_POSIX'
CPPFLAGS=' -I $(top_srcdir)/ext/tinydtls'
CSCOPE='cscope'
CTAGS='ctags'
CTAGS_PROG='/usr/bin/ctags'
CUNIT_LIBS=''
CYGPATH_W='echo'
DEFS='-DHAVE_CONFIG_H'
DEPDIR='.deps'
DLLTOOL='false'
DOC_DIR=''
DOT=''
DOXYGEN=''
DSYMUTIL=''
DUMPBIN=':'
ECHO_C=''
ECHO_N='-n'
ECHO_T=''
EGREP='/usr/bin/grep -E'
ETAGS='etags'
EXEEXT=''
FGREP='/usr/bin/grep -F'
FILECMD='file'
GREP='/usr/bin/grep'
HAVE_CUNIT_FALSE=''
HAVE_CUNIT_TRUE='#'
HAVE_DOT=''
HAVE_DOXYGEN_FALSE=''
HAVE_DOXYGEN_TRUE='#'
INSTALL_DATA='${INSTALL} -m 644'
INSTALL_PROGRAM='${INSTALL}'
INSTALL_SCRIPT='${INSTALL}'
INSTALL_STRIP_PROGRAM='$(install_sh) -c -s'
LD='/home/francisco/freetz-ng/toolchain/build/mipsel_gcc-4.6.4_uClibc-0.9.29/mipsel-linux-uclibc/mipsel-linux-uclibc/bin/ld'
LDFLAGS=' -L$(top_srcdir)/ext/tinydtls -ltinydtls'
LIBCOAP_API_VERSION='1'
LIBCOAP_SO_VERSION='0.0.0'
LIBOBJS=''
LIBS=''
LIBTOOL='$(SHELL) $(top_builddir)/libtool'
LIPO=''
LN_S='ln -s'
LTLIBOBJS=''
LT_LIBCOAP_AGE='0'
LT_LIBCOAP_CURRENT='0'
LT_LIBCOAP_REVISION='0'
LT_SYS_LIBRARY_PATH=''
MAKEINFO='${SHELL} '\''/home/francisco/ikea-tradfri-coap-docs/scripts/libcoap/missing'\'' makeinfo'
MANIFEST_TOOL=':'
MKDIR_P='/usr/bin/mkdir -p'
NM='nm'
NMEDIT=''
OBJDUMP='objdump'
OBJEXT='o'
OTOOL64=''
OTOOL=''
PACKAGE='libcoap'
PACKAGE_BUGREPORT='libcoap-developers@lists.sourceforge.net'
PACKAGE_NAME='libcoap'
PACKAGE_STRING='libcoap 4.1.2'
PACKAGE_TARNAME='libcoap'
PACKAGE_URL='https://libcoap.net/'
PACKAGE_VERSION='4.1.2'
PATH_SEPARATOR=':'
PLATFORM='posix'
PREDEFINED_CFLAGS='_GNU_SOURCE WITH_POSIX'
RANLIB='ranlib'
SED='/usr/bin/sed'
SET_MAKE=''
SHELL='/bin/bash'
STRIP='strip'
USE_CALL_GRAPH=''
VERSION='4.1.2'
WARNING_CFLAGS='-pedantic -Wall -Wextra -Wformat-security -Winline -Wmissing-declarations -Wmissing-prototypes -Wnested-externs -Wpointer-arith -Wshadow -Wstrict-prototypes -Wswitch-default -Wswitch-enum -Wunused -Wunused-result  -Wlogical-op'
ac_ct_AR='ar'
ac_ct_CC=''
ac_ct_DUMPBIN='link -dump'
am__EXEEXT_FALSE=''
am__EXEEXT_TRUE='#'
am__fastdepCC_FALSE='#'
am__fastdepCC_TRUE=''
am__include='include'
am__isrc=''
am__leading_dot='.'
am__nodep='_no'
am__quote=''
am__tar='$${TAR-tar} chof - "$$tardir"'
am__untar='$${TAR-tar} xf -'
bindir='${exec_prefix}/bin'
build='i386-pc-linux-gnu'
build_alias='i386-linux-gnu'
build_cpu='i386'
build_os='linux-gnu'
build_vendor='pc'
datadir='${datarootdir}'
datarootdir='${prefix}/share'
docdir='${datarootdir}/doc/${PACKAGE_TARNAME}'
dvidir='${docdir}'
exec_prefix='${prefix}'
host='mipsel-unknown-linux-gnu'
host_alias='mipsel-linux'
host_cpu='mipsel'
host_os='linux-gnu'
host_vendor='unknown'
htmldir='${docdir}'
includedir='${prefix}/include'
infodir='${datarootdir}/info'
install_sh='${SHELL} /home/francisco/ikea-tradfri-coap-docs/scripts/libcoap/install-sh'
libcoap_SYMBOLS='-Wl,--version-script=$(srcdir)/libcoap-$(LIBCOAP_API_VERSION).map'
libdir='${exec_prefix}/lib'
libexecdir='${exec_prefix}/libexec'
localedir='${datarootdir}/locale'
localstatedir='${prefix}/var'
mandir='${datarootdir}/man'
mkdir_p='$(MKDIR_P)'
oldincludedir='/usr/include'
pdfdir='${docdir}'
prefix='/usr/local'
program_transform_name='s,x,x,'
psdir='${docdir}'
runstatedir='${localstatedir}/run'
sbindir='${exec_prefix}/sbin'
sharedstatedir='${prefix}/com'
subdirs=' ext/tinydtls'
sysconfdir='${prefix}/etc'
target_alias='mipsel-linux'

## ----------- ##
## confdefs.h. ##
## ----------- ##

/* confdefs.h */
#define PACKAGE_NAME "libcoap"
#define PACKAGE_TARNAME "libcoap"
#define PACKAGE_VERSION "4.1.2"
#define PACKAGE_STRING "libcoap 4.1.2"
#define PACKAGE_BUGREPORT "libcoap-developers@lists.sourceforge.net"
#define PACKAGE_URL "https://libcoap.net/"
#define HAVE_STDIO_H 1
#define HAVE_STDLIB_H 1
#define HAVE_STRING_H 1
#define HAVE_INTTYPES_H 1
#define HAVE_STDINT_H 1
#define HAVE_STRINGS_H 1
#define HAVE_SYS_STAT_H 1
#define HAVE_SYS_TYPES_H 1
#define HAVE_UNISTD_H 1
#define STDC_HEADERS 1
#define HAVE_DLFCN_H 1
#define LT_OBJDIR ".libs/"
#define HAVE_ASSERT_H 1
#define HAVE_ARPA_INET_H 1
#define HAVE_LIMITS_H 1
#define HAVE_NETDB_H 1
#define HAVE_NETINET_IN_H 1
#define HAVE_STDLIB_H 1
#define HAVE_STRING_H 1
#define HAVE_STRINGS_H 1
#define HAVE_SYS_SOCKET_H 1
#define HAVE_SYS_TIME_H 1
#define HAVE_TIME_H 1
#define HAVE_UNISTD_H 1
#define HAVE_SYS_UNISTD_H 1
#define HAVE_SYSLOG_H 1
#define HAVE_SYS_SELECT_H 1
#define HAVE_MEMSET 1
#define HAVE_SELECT 1
#define HAVE_SOCKET 1
#define HAVE_STRCASECMP 1
#define HAVE_STRRCHR 1
#define HAVE_GETADDRINFO 1
#define HAVE_STRNLEN 1
#define HAVE_MALLOC 1
#define HAVE_LIBTINYDTLS 1

configure: exit 0

## ---------------------- ##
## Running config.status. ##
## ---------------------- ##

This file was extended by libcoap config.status 4.1.2, which was
generated by GNU Autoconf 2.71.  Invocation command line was

  CONFIG_FILES    = 
  CONFIG_HEADERS  = 
  CONFIG_LINKS    = 
  CONFIG_COMMANDS = 
  $ ./config.status coap_config.h

on p200300f9f702f222ba8d12fffe07104c

config.status:1143: creating coap_config.h
config.status:1324: coap_config.h is unchanged

## ---------------------- ##
## Running config.status. ##
## ---------------------- ##

This file was extended by libcoap config.status 4.1.2, which was
generated by GNU Autoconf 2.71.  Invocation command line was

  CONFIG_FILES    = 
  CONFIG_HEADERS  = 
  CONFIG_LINKS    = 
  CONFIG_COMMANDS = 
  $ ./config.status include/coap/coap.h

on p200300f9f702f222ba8d12fffe07104c

config.status:1143: creating include/coap/coap.h
